DEBUG 2026-02-19 10:52:38.724927: Vector Search successfully executed.
DEBUG: Found 4 documents.
DEBUG: Doc 0 score: 0.6196396350860596
DEBUG: Doc 0 content snippet: trauma, and lack of scientific thin king in educat...
DEBUG: Doc 1 score: 0.6196396350860596
DEBUG: Doc 1 content snippet: trauma, and lack of scientific thin king in educat...
DEBUG: Doc 2 score: 0.6162897944450378
DEBUG: Doc 2 content snippet: not guarantee uninterrupted or error -free website...
DEBUG: Doc 3 score: 0.6162897944450378
DEBUG: Doc 3 content snippet: not guarantee uninterrupted or error -free website...
DEBUG: Full Context Length: 15056
DEBUG 2026-02-19 10:53:54.662779: Vector Search successfully executed.
DEBUG: Found 4 documents.
DEBUG: Doc 0 score: 0.6196396350860596
DEBUG: Doc 0 content snippet: trauma, and lack of scientific thin king in educat...
DEBUG: Doc 1 score: 0.6196396350860596
DEBUG: Doc 1 content snippet: trauma, and lack of scientific thin king in educat...
DEBUG: Doc 2 score: 0.6162897944450378
DEBUG: Doc 2 content snippet: not guarantee uninterrupted or error -free website...
DEBUG: Doc 3 score: 0.6162897944450378
DEBUG: Doc 3 content snippet: not guarantee uninterrupted or error -free website...
DEBUG: Full Context Length: 15056
DEBUG 2026-02-19 11:13:25.204254: Vector Search successfully executed.
DEBUG: Found 4 documents.
DEBUG: Doc 0 score: 0.6196396350860596
DEBUG: Doc 0 content snippet: trauma, and lack of scientific thin king in educat...
DEBUG: Doc 1 score: 0.6196396350860596
DEBUG: Doc 1 content snippet: trauma, and lack of scientific thin king in educat...
DEBUG: Doc 2 score: 0.6162897944450378
DEBUG: Doc 2 content snippet: not guarantee uninterrupted or error -free website...
DEBUG: Doc 3 score: 0.6162897944450378
DEBUG: Doc 3 content snippet: not guarantee uninterrupted or error -free website...
DEBUG: Full Context Length: 15056
DEBUG 2026-02-19 11:15:40.988087: Vector Search successfully executed.
DEBUG: Found 0 documents.
DEBUG: Full Context Length: 0
DEBUG 2026-02-19 11:18:41.077129: Vector Search successfully executed.
DEBUG: Found 3 documents.
DEBUG: Doc 0 score: 0.611116349697113
DEBUG: Doc 0 content snippet: model. Its mission is to create at least one young...
DEBUG: Doc 1 score: 0.6104723215103149
DEBUG: Doc 1 content snippet: Edsurance 1. Platform Overview Edsurance is an edu...
DEBUG: Doc 2 score: 0.6077151894569397
DEBUG: Doc 2 content snippet: protecting their account credentials and maintaini...
DEBUG: Full Context Length: 12816
